This file contains any messages produced by compilers while
running configure, to aid debugging if configure makes a mistake.

It was created by configure, which was
generated by GNU Autoconf 2.52.20141204.  Invocation command line was

  $ ./configure 

## ---------- ##
## Platform.  ##
## ---------- ##

hostname = python
uname -m = x86_64
uname -r = 2.6.32-431.el6.x86_64
uname -s = Linux
uname -v = #1 SMP Fri Nov 22 03:15:09 UTC 2013

/usr/bin/uname -p = unknown
/bin/uname -X     = unknown

/bin/arch              = x86_64
/usr/bin/arch -k       = unknown
/usr/convex/getsysinfo = unknown
hostinfo               = unknown
/bin/machine           = unknown
/usr/bin/oslevel       = unknown
/bin/universe          = unknown

PATH = /usr/local/sbin:/usr/local/bin:/sbin:/bin:/usr/sbin:/usr/bin:/usr/local/jdk/bin:/root/bin

## ------------ ##
## Core tests.  ##
## ------------ ##

configure:1031: PATH=".;."; conftest.sh
./configure: line 1032: conftest.sh: command not found
configure:1034: $? = 127
configure:1104: checking for gcc
configure:1119: found /usr/bin/gcc
configure:1127: result: gcc
configure:1355: checking for C compiler version
configure:1358: gcc --version </dev/null >&5
gcc (GCC) 4.4.7 20120313 (Red Hat 4.4.7-16)
Copyright (C) 2010 Free Software Foundation, Inc.
This is free software; see the source for copying conditions.  There is NO
warranty; not even for MERCHANTABILITY or FITNESS FOR A PARTICULAR PURPOSE.

configure:1361: $? = 0
configure:1363: gcc -v </dev/null >&5
Using built-in specs.
Target: x86_64-redhat-linux
Configured with: ../configure --prefix=/usr --mandir=/usr/share/man --infodir=/usr/share/info --with-bugurl=http://bugzilla.redhat.com/bugzilla --enable-bootstrap --enable-shared --enable-threads=posix --enable-checking=release --with-system-zlib --enable-__cxa_atexit --disable-libunwind-exceptions --enable-gnu-unique-object --enable-languages=c,c++,objc,obj-c++,java,fortran,ada --enable-java-awt=gtk --disable-dssi --with-java-home=/usr/lib/jvm/java-1.5.0-gcj-1.5.0.0/jre --enable-libgcj-multifile --enable-java-maintainer-mode --with-ecj-jar=/usr/share/java/eclipse-ecj.jar --disable-libjava-multilib --with-ppl --with-cloog --with-tune=generic --with-arch_32=i686 --build=x86_64-redhat-linux
Thread model: posix
gcc version 4.4.7 20120313 (Red Hat 4.4.7-16) (GCC) 
configure:1366: $? = 0
configure:1368: gcc -V </dev/null >&5
gcc: '-V' option must have argument
configure:1371: $? = 1
configure:1391: checking for C compiler default output
configure:1394: gcc    conftest.c  >&5
configure:1397: $? = 0
configure:1426: result: a.out
configure:1431: checking whether the C compiler works
configure:1437: ./a.out
configure:1440: $? = 0
configure:1455: result: yes
configure:1462: checking whether we are cross compiling
configure:1464: result: no
configure:1467: checking for executable suffix
configure:1469: gcc -o conftest    conftest.c  >&5
configure:1472: $? = 0
configure:1494: result: 
configure:1500: checking for object suffix
configure:1518: gcc -c   conftest.c >&5
configure:1521: $? = 0
configure:1540: result: o
configure:1544: checking whether we are using the GNU C compiler
configure:1565: gcc -c   conftest.c >&5
configure:1568: $? = 0
configure:1571: test -s conftest.o
configure:1574: $? = 0
configure:1586: result: yes
configure:1592: checking whether gcc accepts -g
configure:1610: gcc -c -g  conftest.c >&5
configure:1613: $? = 0
configure:1616: test -s conftest.o
configure:1619: $? = 0
configure:1629: result: yes
configure:1656: gcc -c -g -O2  conftest.c >&5
conftest.c:2: error: expected '=', ',', ';', 'asm' or '__attribute__' before 'me'
configure:1659: $? = 1
configure: failed program was:
#ifndef __cplusplus
  choke me
#endif
configure:1760: checking version of gcc
configure:1764: result: 4.4.7
configure:1768: checking for gcc option to accept ANSI C
configure:1825: gcc  -c -g -O2  conftest.c >&5
configure:1828: $? = 0
configure:1831: test -s conftest.o
configure:1834: $? = 0
configure:1851: result: none needed
configure:1862: checking $CC variable
configure:1954: result: ok
configure:1965: checking how to run the C preprocessor
configure:1991: gcc -E  conftest.c
configure:1997: $? = 0
configure:2024: gcc -E  conftest.c
configure:2021:28: error: ac_nonexistent.h: No such file or directory
configure:2030: $? = 1
configure: failed program was:
#line 2020 "configure"
#include "confdefs.h"
#include <ac_nonexistent.h>
configure:2067: result: gcc -E
configure:2082: gcc -E  conftest.c
configure:2088: $? = 0
configure:2115: gcc -E  conftest.c
configure:2112:28: error: ac_nonexistent.h: No such file or directory
configure:2121: $? = 1
configure: failed program was:
#line 2111 "configure"
#include "confdefs.h"
#include <ac_nonexistent.h>
configure:2161: checking whether make sets ${MAKE}
configure:2181: result: yes
configure:2228: checking for ranlib
configure:2243: found /usr/bin/ranlib
configure:2252: result: ranlib
configure:2301: checking for a BSD compatible install
configure:2350: result: /usr/bin/install -c
configure:2361: checking whether ln -s works
configure:2365: result: yes
configure:2372: checking if ln -s -f options work
configure:2384: result: yes
configure:2393: checking for tdlint
configure:2419: result: no
configure:2393: checking for lint
configure:2419: result: no
configure:2393: checking for alint
configure:2419: result: no
configure:2393: checking for splint
configure:2419: result: no
configure:2393: checking for lclint
configure:2419: result: no
configure:2428: checking for groff
configure:2445: found /usr/bin/groff
configure:2457: result: /usr/bin/groff
configure:2466: checking for nroff
configure:2483: found /usr/bin/nroff
configure:2495: result: /usr/bin/nroff
configure:2551: checking for ar
configure:2566: found /usr/bin/ar
configure:2575: result: ar
configure:2587: checking for makeflags variable
configure:2621: result: 
configure:2624: checking if filesystem supports mixed-case filenames
configure:2651: result: yes
configure:2662: checking for exctags
configure:2688: result: no
configure:2662: checking for ctags
configure:2677: found /usr/local/bin/ctags
configure:2685: result: ctags
configure:2699: checking for exetags
configure:2725: result: no
configure:2699: checking for etags
configure:2714: found /usr/local/bin/etags
configure:2722: result: etags
configure:2734: checking for ctags
configure:2749: found /usr/local/bin/ctags
configure:2758: result: yes
configure:2768: checking for etags
configure:2783: found /usr/local/bin/etags
configure:2792: result: yes
configure:2815: checking if you want to see long compiling messages
configure:2849: result: yes
configure:2858: checking build system type
configure:2876: result: x86_64-unknown-linux-gnu
configure:2884: checking host system type
configure:2898: result: x86_64-unknown-linux-gnu
configure:2924: result: Configuring for linux-gnu
configure:2953: checking for PATH separator
configure:2960: result: :
configure:3009: checking if we must define _GNU_SOURCE
configure:3031: gcc -c -g -O2  conftest.c >&5
configure: In function 'main':
configure:3023: error: 'make' undeclared (first use in this function)
configure:3023: error: (Each undeclared identifier is reported only once
configure:3023: error: for each function it appears in.)
configure:3023: error: expected ';' before 'an'
configure:3034: $? = 1
configure: failed program was:
#line 3016 "configure"
#include "confdefs.h"
#include <sys/types.h>
int
main ()
{

#ifndef _XOPEN_SOURCE
make an error
#endif
  ;
  return 0;
}
configure:3064: gcc -c -g -O2  -D_GNU_SOURCE conftest.c >&5
configure: In function 'main':
configure:3056: error: 'make' undeclared (first use in this function)
configure:3056: error: (Each undeclared identifier is reported only once
configure:3056: error: for each function it appears in.)
configure:3056: error: expected ';' before 'an'
configure:3067: $? = 1
configure: failed program was:
#line 3049 "configure"
#include "confdefs.h"
#include <sys/types.h>
int
main ()
{

#ifdef _XOPEN_SOURCE
make an error
#endif
  ;
  return 0;
}
configure:3088: result: yes
configure:3882: checking if _XOPEN_SOURCE really is set
configure:3900: gcc -c -g -O2  -D_GNU_SOURCE conftest.c >&5
configure:3903: $? = 0
configure:3906: test -s conftest.o
configure:3909: $? = 0
configure:3918: result: yes
configure:3938: gcc -c -g -O2  -D_GNU_SOURCE conftest.c >&5
configure:3941: $? = 0
configure:3944: test -s conftest.o
configure:3947: $? = 0
configure:4155: checking for special C compiler options needed for large files
configure:4229: result: no
configure:4235: checking for _FILE_OFFSET_BITS value needed for large files
configure:4263: gcc -c -g -O2  -D_GNU_SOURCE conftest.c >&5
configure:4266: $? = 0
configure:4269: test -s conftest.o
configure:4272: $? = 0
configure:4322: result: no
configure:4332: checking for _LARGE_FILES value needed for large files
configure:4360: gcc -c -g -O2  -D_GNU_SOURCE conftest.c >&5
configure:4363: $? = 0
configure:4366: test -s conftest.o
configure:4369: $? = 0
configure:4419: result: no
configure:4432: checking for _LARGEFILE_SOURCE value needed for large files
configure:4452: gcc -c -g -O2  -D_GNU_SOURCE conftest.c >&5
configure:4455: $? = 0
configure:4458: test -s conftest.o
configure:4461: $? = 0
configure:4503: result: no
configure:4517: checking for fseeko
configure:4535: gcc -o conftest -g -O2  -D_GNU_SOURCE  conftest.c  >&5
configure:4538: $? = 0
configure:4541: test -s conftest
configure:4544: $? = 0
configure:4554: result: yes
configure:4575: checking whether to use struct dirent64
configure:4603: gcc -c -g -O2  -D_GNU_SOURCE conftest.c >&5
configure: In function 'main':
configure:4592: error: conflicting types for 'readdir'
/usr/include/dirent.h:163: note: previous declaration of 'readdir' was here
configure:4594: warning: initialization from incompatible pointer type
configure:4595: error: invalid operands to binary - (have 'struct dirent64 *' and 'struct dirent *')
configure:4606: $? = 1
configure: failed program was:
#line 4582 "configure"
#include "confdefs.h"

#include <sys/types.h>
#include <dirent.h>

int
main ()
{

		/* if transitional largefile support is setup, this is true */
		extern struct dirent64 * readdir(DIR *);
		struct dirent64 *x = readdir((DIR *)0);
		struct dirent *y = readdir((DIR *)0);
		int z = x - y;

  ;
  return 0;
}
configure:4623: result: no
configure:4632: checking for install-prefix
configure:4642: result: no
configure:4682: checking if you want to check for gcc warnings
configure:4692: result: no
configure:5046: checking if you want to use pkg-config
configure:5056: result: yes
configure:5108: checking for pkg-config
configure:5125: found /usr/bin/pkg-config
configure:5137: result: /usr/bin/pkg-config
configure:5194: checking for this package's name
configure:5204: result: dialog
configure:5208: checking for package version
configure:5229: result: 1.2
configure:5232: checking for package patch date
configure:5249: result: 20150920
configure:5260: testing ABI VERSION 12:0:0 ...
configure:5264: testing VERSION_MAJOR 1 ...
configure:5268: testing VERSION_MINOR 2 ...
configure:5272: testing VERSION_PATCH 20150920 ...
configure:5295: checking if we should install dlg_XXX headers to subdirectory
configure:5305: result: no
configure:5308: checking for program to convert manpage to html
configure:5367: result: /usr/bin/groff
configure:5509: checking for ANSI C header files
configure:5523: gcc -E  -D_GNU_SOURCE conftest.c
configure:5529: $? = 0
configure:5616: gcc -o conftest -g -O2  -D_GNU_SOURCE  conftest.c  >&5
configure:5619: $? = 0
configure:5621: ./conftest
configure:5624: $? = 0
configure:5637: result: yes
configure:5647: checking for inline
configure:5664: gcc -c -g -O2  -D_GNU_SOURCE conftest.c >&5
configure:5667: $? = 0
configure:5670: test -s conftest.o
configure:5673: $? = 0
configure:5684: result: inline
configure:5705: checking for sys/types.h
configure:5717: gcc -c -g -O2  -D_GNU_SOURCE conftest.c >&5
configure:5720: $? = 0
configure:5723: test -s conftest.o
configure:5726: $? = 0
configure:5736: result: yes
configure:5705: checking for sys/stat.h
configure:5717: gcc -c -g -O2  -D_GNU_SOURCE conftest.c >&5
configure:5720: $? = 0
configure:5723: test -s conftest.o
configure:5726: $? = 0
configure:5736: result: yes
configure:5705: checking for stdlib.h
configure:5717: gcc -c -g -O2  -D_GNU_SOURCE conftest.c >&5
configure:5720: $? = 0
configure:5723: test -s conftest.o
configure:5726: $? = 0
configure:5736: result: yes
configure:5705: checking for string.h
configure:5717: gcc -c -g -O2  -D_GNU_SOURCE conftest.c >&5
configure:5720: $? = 0
configure:5723: test -s conftest.o
configure:5726: $? = 0
configure:5736: result: yes
configure:5705: checking for memory.h
configure:5717: gcc -c -g -O2  -D_GNU_SOURCE conftest.c >&5
configure:5720: $? = 0
configure:5723: test -s conftest.o
configure:5726: $? = 0
configure:5736: result: yes
configure:5705: checking for strings.h
configure:5717: gcc -c -g -O2  -D_GNU_SOURCE conftest.c >&5
configure:5720: $? = 0
configure:5723: test -s conftest.o
configure:5726: $? = 0
configure:5736: result: yes
configure:5705: checking for inttypes.h
configure:5717: gcc -c -g -O2  -D_GNU_SOURCE conftest.c >&5
configure:5720: $? = 0
configure:5723: test -s conftest.o
configure:5726: $? = 0
configure:5736: result: yes
configure:5705: checking for stdint.h
configure:5717: gcc -c -g -O2  -D_GNU_SOURCE conftest.c >&5
configure:5720: $? = 0
configure:5723: test -s conftest.o
configure:5726: $? = 0
configure:5736: result: yes
configure:5705: checking for unistd.h
configure:5717: gcc -c -g -O2  -D_GNU_SOURCE conftest.c >&5
configure:5720: $? = 0
configure:5723: test -s conftest.o
configure:5726: $? = 0
configure:5736: result: yes
configure:5746: checking for off_t
configure:5767: gcc -c -g -O2  -D_GNU_SOURCE conftest.c >&5
configure:5770: $? = 0
configure:5773: test -s conftest.o
configure:5776: $? = 0
configure:5786: result: yes
configure:5798: checking for size_t
configure:5819: gcc -c -g -O2  -D_GNU_SOURCE conftest.c >&5
configure:5822: $? = 0
configure:5825: test -s conftest.o
configure:5828: $? = 0
configure:5838: result: yes
configure:5852: checking for working alloca.h
configure:5870: gcc -o conftest -g -O2  -D_GNU_SOURCE  conftest.c  >&5
configure:5873: $? = 0
configure:5876: test -s conftest
configure:5879: $? = 0
configure:5889: result: yes
configure:5899: checking for alloca
configure:5937: gcc -o conftest -g -O2  -D_GNU_SOURCE  conftest.c  >&5
configure:5940: $? = 0
configure:5943: test -s conftest
configure:5946: $? = 0
configure:5956: result: yes
configure:6140: checking for stdlib.h
configure:6175: result: yes
configure:6140: checking for unistd.h
configure:6175: result: yes
configure:6188: checking for getpagesize
configure:6225: gcc -o conftest -g -O2  -D_GNU_SOURCE  conftest.c  >&5
configure:6228: $? = 0
configure:6231: test -s conftest
configure:6234: $? = 0
configure:6244: result: yes
configure:6254: checking for working mmap
configure:6390: gcc -o conftest -g -O2  -D_GNU_SOURCE  conftest.c  >&5
configure: In function 'main':
configure:6396: warning: cast from pointer to integer of different size
configure:6393: $? = 0
configure:6395: ./conftest
configure:6398: $? = 0
configure:6410: result: yes
configure:6421: checking whether we are using the GNU C Library 2.1 or newer
configure:6447: result: yes
configure:6477: checking for argz.h
configure:6487: gcc -E  -D_GNU_SOURCE conftest.c
configure:6493: $? = 0
configure:6512: result: yes
configure:6477: checking for limits.h
configure:6487: gcc -E  -D_GNU_SOURCE conftest.c
configure:6493: $? = 0
configure:6512: result: yes
configure:6477: checking for locale.h
configure:6487: gcc -E  -D_GNU_SOURCE conftest.c
configure:6493: $? = 0
configure:6512: result: yes
configure:6477: checking for nl_types.h
configure:6487: gcc -E  -D_GNU_SOURCE conftest.c
configure:6493: $? = 0
configure:6512: result: yes
configure:6477: checking for malloc.h
configure:6487: gcc -E  -D_GNU_SOURCE conftest.c
configure:6493: $? = 0
configure:6512: result: yes
configure:6477: checking for stddef.h
configure:6487: gcc -E  -D_GNU_SOURCE conftest.c
configure:6493: $? = 0
configure:6512: result: yes
configure:6477: checking for stdlib.h
configure:6512: result: yes
configure:6477: checking for string.h
configure:6512: result: yes
configure:6477: checking for unistd.h
configure:6512: result: yes
configure:6477: checking for sys/param.h
configure:6487: gcc -E  -D_GNU_SOURCE conftest.c
configure:6493: $? = 0
configure:6512: result: yes
configure:6527: checking for feof_unlocked
configure:6564: gcc -o conftest -g -O2  -D_GNU_SOURCE  conftest.c  >&5
configure:6567: $? = 0
configure:6570: test -s conftest
configure:6573: $? = 0
configure:6583: result: yes
configure:6527: checking for fgets_unlocked
configure:6564: gcc -o conftest -g -O2  -D_GNU_SOURCE  conftest.c  >&5
configure:6567: $? = 0
configure:6570: test -s conftest
configure:6573: $? = 0
configure:6583: result: yes
configure:6527: checking for getcwd
configure:6564: gcc -o conftest -g -O2  -D_GNU_SOURCE  conftest.c  >&5
configure:6567: $? = 0
configure:6570: test -s conftest
configure:6573: $? = 0
configure:6583: result: yes
configure:6527: checking for getegid
configure:6564: gcc -o conftest -g -O2  -D_GNU_SOURCE  conftest.c  >&5
configure:6567: $? = 0
configure:6570: test -s conftest
configure:6573: $? = 0
configure:6583: result: yes
configure:6527: checking for geteuid
configure:6564: gcc -o conftest -g -O2  -D_GNU_SOURCE  conftest.c  >&5
configure:6567: $? = 0
configure:6570: test -s conftest
configure:6573: $? = 0
configure:6583: result: yes
configure:6527: checking for getgid
configure:6564: gcc -o conftest -g -O2  -D_GNU_SOURCE  conftest.c  >&5
configure:6567: $? = 0
configure:6570: test -s conftest
configure:6573: $? = 0
configure:6583: result: yes
configure:6527: checking for getuid
configure:6564: gcc -o conftest -g -O2  -D_GNU_SOURCE  conftest.c  >&5
configure:6567: $? = 0
configure:6570: test -s conftest
configure:6573: $? = 0
configure:6583: result: yes
configure:6527: checking for mempcpy
configure:6564: gcc -o conftest -g -O2  -D_GNU_SOURCE  conftest.c  >&5
configure:6543: warning: conflicting types for built-in function 'mempcpy'
configure:6567: $? = 0
configure:6570: test -s conftest
configure:6573: $? = 0
configure:6583: result: yes
configure:6527: checking for munmap
configure:6564: gcc -o conftest -g -O2  -D_GNU_SOURCE  conftest.c  >&5
configure:6567: $? = 0
configure:6570: test -s conftest
configure:6573: $? = 0
configure:6583: result: yes
configure:6527: checking for putenv
configure:6564: gcc -o conftest -g -O2  -D_GNU_SOURCE  conftest.c  >&5
configure:6567: $? = 0
configure:6570: test -s conftest
configure:6573: $? = 0
configure:6583: result: yes
configure:6527: checking for setenv
configure:6564: gcc -o conftest -g -O2  -D_GNU_SOURCE  conftest.c  >&5
configure:6567: $? = 0
configure:6570: test -s conftest
configure:6573: $? = 0
configure:6583: result: yes
configure:6527: checking for setlocale
configure:6564: gcc -o conftest -g -O2  -D_GNU_SOURCE  conftest.c  >&5
configure:6567: $? = 0
configure:6570: test -s conftest
configure:6573: $? = 0
configure:6583: result: yes
configure:6527: checking for stpcpy
configure:6564: gcc -o conftest -g -O2  -D_GNU_SOURCE  conftest.c  >&5
configure:6543: warning: conflicting types for built-in function 'stpcpy'
configure:6567: $? = 0
configure:6570: test -s conftest
configure:6573: $? = 0
configure:6583: result: yes
configure:6527: checking for strchr
configure:6564: gcc -o conftest -g -O2  -D_GNU_SOURCE  conftest.c  >&5
configure:6543: warning: conflicting types for built-in function 'strchr'
configure:6567: $? = 0
configure:6570: test -s conftest
configure:6573: $? = 0
configure:6583: result: yes
configure:6527: checking for strcasecmp
configure:6564: gcc -o conftest -g -O2  -D_GNU_SOURCE  conftest.c  >&5
configure:6543: warning: conflicting types for built-in function 'strcasecmp'
configure:6567: $? = 0
configure:6570: test -s conftest
configure:6573: $? = 0
configure:6583: result: yes
configure:6527: checking for strdup
configure:6564: gcc -o conftest -g -O2  -D_GNU_SOURCE  conftest.c  >&5
configure:6543: warning: conflicting types for built-in function 'strdup'
configure:6567: $? = 0
configure:6570: test -s conftest
configure:6573: $? = 0
configure:6583: result: yes
configure:6527: checking for strtoul
configure:6564: gcc -o conftest -g -O2  -D_GNU_SOURCE  conftest.c  >&5
configure:6567: $? = 0
configure:6570: test -s conftest
configure:6573: $? = 0
configure:6583: result: yes
configure:6527: checking for tsearch
configure:6564: gcc -o conftest -g -O2  -D_GNU_SOURCE  conftest.c  >&5
configure:6567: $? = 0
configure:6570: test -s conftest
configure:6573: $? = 0
configure:6583: result: yes
configure:6527: checking for __argz_count
configure:6564: gcc -o conftest -g -O2  -D_GNU_SOURCE  conftest.c  >&5
configure:6567: $? = 0
configure:6570: test -s conftest
configure:6573: $? = 0
configure:6583: result: yes
configure:6527: checking for __argz_stringify
configure:6564: gcc -o conftest -g -O2  -D_GNU_SOURCE  conftest.c  >&5
configure:6567: $? = 0
configure:6570: test -s conftest
configure:6573: $? = 0
configure:6583: result: yes
configure:6527: checking for __argz_next
configure:6564: gcc -o conftest -g -O2  -D_GNU_SOURCE  conftest.c  >&5
configure:6567: $? = 0
configure:6570: test -s conftest
configure:6573: $? = 0
configure:6583: result: yes
configure:6842: checking for iconv
configure:6853: testing Starting FIND_LINKAGE(iconv,) ...
configure:6877: gcc -o conftest -g -O2  -D_GNU_SOURCE  conftest.c  >&5
configure:6880: $? = 0
configure:6883: test -s conftest
configure:6886: $? = 0
configure:7247: result: yes
configure:7256: checking if the declaration of iconv() needs const.
configure:7288: gcc -c -g -O2  -D_GNU_SOURCE conftest.c >&5
configure:7291: $? = 0
configure:7294: test -s conftest.o
configure:7297: $? = 0
configure:7307: result: no
configure:7437: checking for nl_langinfo and CODESET
configure:7455: gcc -o conftest -g -O2  -D_GNU_SOURCE  conftest.c  >&5
configure:7458: $? = 0
configure:7461: test -s conftest
configure:7464: $? = 0
configure:7475: result: yes
configure:7486: checking for LC_MESSAGES
configure:7504: gcc -o conftest -g -O2  -D_GNU_SOURCE  conftest.c  >&5
configure:7507: $? = 0
configure:7510: test -s conftest
configure:7513: $? = 0
configure:7523: result: yes
configure:7533: checking whether NLS is requested
configure:7543: result: no
configure:8745: checking if -lm needed for math functions
configure:8767: gcc -o conftest -g -O2  -D_GNU_SOURCE  conftest.c  >&5
/tmp/ccNHFc43.o: In function `main':
/root/unix/ncurses/dialog-1.2-20150920/configure:8760: undefined reference to `sqrt'
collect2: ld returned 1 exit status
configure:8770: $? = 1
configure: failed program was:
#line 8752 "configure"
#include "confdefs.h"

	#include <stdio.h>
	#include <math.h>

int
main ()
{
double x = rand(); printf("result = %g\n", sqrt(x))
  ;
  return 0;
}
configure:8786: result: yes
configure:8809: checking if you want to use dmalloc for testing
configure:8826: result: no
configure:9021: checking if you want to use dbmalloc for testing
configure:9038: result: no
configure:9233: checking if you want to use purify for testing
configure:9250: result: no
configure:9343: checking if you want to use valgrind for testing
configure:9360: result: no
configure:9453: checking if you want to perform memory-leak testing
configure:9477: result: 
configure:9480: checking if you want --trace option
configure:9490: result: yes
configure:9504: checking for an rpath option
configure:9535: result: -Wl,-rpath,
configure:9697: checking if libtool -version-number should be used
configure:9714: result: yes
configure:9763: checking if you want to build libraries with libtool
configure:9773: result: no
configure:10121: checking if you want to build shared libraries
configure:10131: result: no
configure:10872: checking for specific curses-directory
configure:10882: result: no
configure:11031: checking if rpath option should be used
configure:11041: result: no
configure:11044: checking for specific curses-directory
configure:11054: result: no
configure:11205: checking for specified curses library type
configure:11249: result: curses
configure:11255: checking for extra include directories
configure:11281: result: no
configure:11285: checking if we have identified curses headers
configure:11309: gcc -c -g -O2  -D_GNU_SOURCE conftest.c >&5
configure:11312: $? = 0
configure:11315: test -s conftest.o
configure:11318: $? = 0
configure:11329: result: ncurses.h
configure:11343: checking for ncurses.h
configure:11353: gcc -E  -D_GNU_SOURCE conftest.c
configure:11359: $? = 0
configure:11378: result: yes
configure:11388: checking for terminfo header
configure:11421: gcc -c -g -O2  -D_GNU_SOURCE conftest.c >&5
configure:11424: $? = 0
configure:11427: test -s conftest.o
configure:11430: $? = 0
configure:11446: result: term.h
configure:11478: checking for ncurses version
configure:11542: gcc -o conftest -g -O2  -D_GNU_SOURCE  conftest.c -lm >&5
configure:11545: $? = 0
configure:11547: ./conftest
configure:11550: $? = 0
configure:11564: result: 5.7.20090207
configure:11571: checking if we have identified curses libraries
configure:11586: gcc -o conftest -g -O2  -D_GNU_SOURCE  conftest.c -lm >&5
/tmp/cckLbJQi.o: In function `main':
/root/unix/ncurses/dialog-1.2-20150920/configure:11579: undefined reference to `initscr'
/root/unix/ncurses/dialog-1.2-20150920/configure:11579: undefined reference to `tgoto'
collect2: ld returned 1 exit status
configure:11589: $? = 1
configure: failed program was:
#line 11574 "configure"
#include "confdefs.h"
#include <ncurses.h>
int
main ()
{
initscr(); tgoto("?", 0,0)
  ;
  return 0;
}
configure:11604: result: no
configure:11861: testing adding /lib64 to library-path ...
configure:12000: checking for tgoto
configure:12037: gcc -o conftest -g -O2  -D_GNU_SOURCE -L/lib64  conftest.c -lm >&5
/tmp/cc6ctXRo.o: In function `main':
/root/unix/ncurses/dialog-1.2-20150920/configure:12028: undefined reference to `tgoto'
collect2: ld returned 1 exit status
configure:12040: $? = 1
configure: failed program was:
#line 12006 "configure"
#include "confdefs.h"
/* System header to define __stub macros and hopefully few prototypes,
    which can conflict with char tgoto (); below.  */
#include <assert.h>
/* Override any gcc2 internal prototype to avoid an error.  */
#ifdef __cplusplus
extern "C"
#endif
/* We use char because int might match the return type of a gcc2
   builtin and then its argument prototype would still apply.  */
char tgoto ();
char (*f) ();

int
main ()
{
/* The GNU C library defines this for functions which it implements
    to always fail with ENOSYS.  Some functions are actually named
    something starting with __ and the normal name is an alias.  */
#if defined (__stub_tgoto) || defined (__stub___tgoto)
choke me
#else
f = tgoto; /* workaround for ICC 12.0.3 */ if (f == 0) return 1;
#endif

  ;
  return 0;
}
configure:12056: result: no
configure:12065: checking for tgoto in -lncurses
configure:12092: gcc -o conftest -g -O2  -D_GNU_SOURCE -L/lib64  conftest.c -lncurses  -lm >&5
configure:12095: $? = 0
configure:12098: test -s conftest
configure:12101: $? = 0
configure:12112: result: yes
configure:12131: checking for initscr in -lncurses
configure:12158: gcc -o conftest -g -O2  -D_GNU_SOURCE -L/lib64  conftest.c -lncurses  -lncurses -lm >&5
configure:12161: $? = 0
configure:12164: test -s conftest
configure:12167: $? = 0
configure:12178: result: yes
configure:19768: checking if curses supports wide characters
configure:19794: gcc -o conftest -g -O2  -D_GNU_SOURCE -L/lib64  conftest.c -lncurses -lm >&5
/tmp/ccjVaZ9y.o: In function `main':
/root/unix/ncurses/dialog-1.2-20150920/configure:19786: undefined reference to `waddnwstr'
collect2: ld returned 1 exit status
configure:19797: $? = 1
configure: failed program was:
#line 19775 "configure"
#include "confdefs.h"

#include <stdlib.h>
#include <ncurses.h>
int
main ()
{

    wchar_t temp[2];
    wchar_t wch = 'A';
    temp[0] = wch;
    waddnwstr(stdscr, temp, 1);

  ;
  return 0;
}
configure:19814: result: no
configure:19920: checking if you want extra dialogs
configure:19930: result: yes
configure:19938: checking if you want config-file support
configure:19948: result: yes
configure:19961: checking if you want Xdialog-style dialogs
configure:19971: result: yes
configure:19984: checking if you want extra Xdialog-style dialogs (1.2)
configure:19994: result: yes
configure:20007: checking if you want compatibility with whiptail options
configure:20017: result: yes
configure:20029: checking if you want the form dialog
configure:20039: result: yes
configure:20052: checking if you want the gauge dialog
configure:20062: result: yes
configure:20075: checking if you want the tailbox dialog
configure:20085: result: yes
configure:20098: checking if you want the mixedform dialog
configure:20108: result: yes
configure:20121: checking if you want the mixedgauge dialog
configure:20131: result: yes
configure:20144: checking if you want the wide-curses features
configure:20154: result: no
configure:20166: checking for ANSI C header files
configure:20294: result: yes
configure:20304: checking whether time.h and sys/time.h may both be included
configure:20326: gcc -c -g -O2  -D_GNU_SOURCE conftest.c >&5
configure:20329: $? = 0
configure:20332: test -s conftest.o
configure:20335: $? = 0
configure:20345: result: yes
configure:20358: checking for dirent.h that defines DIR
configure:20379: gcc -c -g -O2  -D_GNU_SOURCE conftest.c >&5
configure:20382: $? = 0
configure:20385: test -s conftest.o
configure:20388: $? = 0
configure:20398: result: yes
configure:20411: checking for opendir in -ldir
configure:20438: gcc -o conftest -g -O2  -D_GNU_SOURCE -L/lib64  conftest.c -ldir  -lncurses -lm >&5
/usr/bin/ld: cannot find -ldir
collect2: ld returned 1 exit status
configure:20441: $? = 1
configure: failed program was:
#line 20419 "configure"
#include "confdefs.h"

/* Override any gcc2 internal prototype to avoid an error.  */
#ifdef __cplusplus
extern "C"
#endif
/* We use char because int might match the return type of a gcc2
   builtin and then its argument prototype would still apply.  */
char opendir ();
int
main ()
{
opendir ();
  ;
  return 0;
}
configure:20458: result: no
configure:20523: checking for search.h
configure:20533: gcc -E  -D_GNU_SOURCE conftest.c
configure:20539: $? = 0
configure:20558: result: yes
configure:20523: checking for unistd.h
configure:20558: result: yes
configure:20568: checking for term.h
configure:20673: result: term.h
configure:20700: checking return type of signal handlers
configure:20728: gcc -c -g -O2  -D_GNU_SOURCE conftest.c >&5
configure:20731: $? = 0
configure:20734: test -s conftest.o
configure:20737: $? = 0
configure:20747: result: void
configure:20772: checking for _nc_free_and_exit
configure:20809: gcc -o conftest -g -O2  -D_GNU_SOURCE -L/lib64  conftest.c -lncurses -lm >&5
configure:20812: $? = 0
configure:20815: test -s conftest
configure:20818: $? = 0
configure:20828: result: yes
configure:20772: checking for btowc
configure:20809: gcc -o conftest -g -O2  -D_GNU_SOURCE -L/lib64  conftest.c -lncurses -lm >&5
configure:20812: $? = 0
configure:20815: test -s conftest
configure:20818: $? = 0
configure:20828: result: yes
configure:20772: checking for mblen
configure:20809: gcc -o conftest -g -O2  -D_GNU_SOURCE -L/lib64  conftest.c -lncurses -lm >&5
configure:20812: $? = 0
configure:20815: test -s conftest
configure:20818: $? = 0
configure:20828: result: yes
configure:20772: checking for mbrlen
configure:20809: gcc -o conftest -g -O2  -D_GNU_SOURCE -L/lib64  conftest.c -lncurses -lm >&5
configure:20812: $? = 0
configure:20815: test -s conftest
configure:20818: $? = 0
configure:20828: result: yes
configure:20772: checking for mbrtowc
configure:20809: gcc -o conftest -g -O2  -D_GNU_SOURCE -L/lib64  conftest.c -lncurses -lm >&5
configure:20812: $? = 0
configure:20815: test -s conftest
configure:20818: $? = 0
configure:20828: result: yes
configure:20772: checking for mbtowc
configure:20809: gcc -o conftest -g -O2  -D_GNU_SOURCE -L/lib64  conftest.c -lncurses -lm >&5
configure:20812: $? = 0
configure:20815: test -s conftest
configure:20818: $? = 0
configure:20828: result: yes
configure:20772: checking for strcasecmp
configure:20828: result: yes
configure:20772: checking for strftime
configure:20809: gcc -o conftest -g -O2  -D_GNU_SOURCE -L/lib64  conftest.c -lncurses -lm >&5
configure:20788: warning: conflicting types for built-in function 'strftime'
configure:20812: $? = 0
configure:20815: test -s conftest
configure:20818: $? = 0
configure:20828: result: yes
configure:20772: checking for tsearch
configure:20828: result: yes
configure:20772: checking for waitpid
configure:20809: gcc -o conftest -g -O2  -D_GNU_SOURCE -L/lib64  conftest.c -lncurses -lm >&5
configure:20812: $? = 0
configure:20815: test -s conftest
configure:20818: $? = 0
configure:20828: result: yes
configure:20772: checking for wcsrtombs
configure:20809: gcc -o conftest -g -O2  -D_GNU_SOURCE -L/lib64  conftest.c -lncurses -lm >&5
configure:20812: $? = 0
configure:20815: test -s conftest
configure:20818: $? = 0
configure:20828: result: yes
configure:20772: checking for wcstombs
configure:20809: gcc -o conftest -g -O2  -D_GNU_SOURCE -L/lib64  conftest.c -lncurses -lm >&5
configure:20812: $? = 0
configure:20815: test -s conftest
configure:20818: $? = 0
configure:20828: result: yes
configure:20772: checking for wctob
configure:20809: gcc -o conftest -g -O2  -D_GNU_SOURCE -L/lib64  conftest.c -lncurses -lm >&5
configure:20812: $? = 0
configure:20815: test -s conftest
configure:20818: $? = 0
configure:20828: result: yes
configure:20772: checking for wctomb
configure:20809: gcc -o conftest -g -O2  -D_GNU_SOURCE -L/lib64  conftest.c -lncurses -lm >&5
configure:20812: $? = 0
configure:20815: test -s conftest
configure:20818: $? = 0
configure:20828: result: yes
configure:20838: checking if we must define _XOPEN_SOURCE_EXTENDED
configure:20867: gcc -o conftest -g -O2  -D_GNU_SOURCE -L/lib64  conftest.c -lncurses -lm >&5
configure:20870: $? = 0
configure:20873: test -s conftest
configure:20876: $? = 0
configure:20926: result: no
configure:20930: checking for unctrl.h
configure:20965: gcc -c -g -O2  -D_GNU_SOURCE conftest.c >&5
configure:20968: $? = 0
configure:20971: test -s conftest.o
configure:20974: $? = 0
configure:20987: result: unctrl.h
configure:21045: checking for flushinp
configure:21048: testing flushinp ...
configure:21090: gcc -o conftest -g -O2  -D_GNU_SOURCE -L/lib64  conftest.c -lncurses -lm >&5
configure:21093: $? = 0
configure:21096: test -s conftest
configure:21099: $? = 0
configure:21115: result: yes
configure:21045: checking for getattrs
configure:21048: testing getattrs ...
configure:21090: gcc -o conftest -g -O2  -D_GNU_SOURCE -L/lib64  conftest.c -lncurses -lm >&5
configure:21093: $? = 0
configure:21096: test -s conftest
configure:21099: $? = 0
configure:21115: result: yes
configure:21045: checking for getbegx
configure:21048: testing getbegx ...
configure:21090: gcc -o conftest -g -O2  -D_GNU_SOURCE -L/lib64  conftest.c -lncurses -lm >&5
configure:21093: $? = 0
configure:21096: test -s conftest
configure:21099: $? = 0
configure:21115: result: yes
configure:21045: checking for getbegy
configure:21048: testing getbegy ...
configure:21090: gcc -o conftest -g -O2  -D_GNU_SOURCE -L/lib64  conftest.c -lncurses -lm >&5
configure:21093: $? = 0
configure:21096: test -s conftest
configure:21099: $? = 0
configure:21115: result: yes
configure:21045: checking for getbegyx
configure:21048: testing getbegyx ...
configure:21090: gcc -o conftest -g -O2  -D_GNU_SOURCE -L/lib64  conftest.c -lncurses -lm >&5
configure:21093: $? = 0
configure:21096: test -s conftest
configure:21099: $? = 0
configure:21115: result: yes
configure:21045: checking for getcurx
configure:21048: testing getcurx ...
configure:21090: gcc -o conftest -g -O2  -D_GNU_SOURCE -L/lib64  conftest.c -lncurses -lm >&5
configure:21093: $? = 0
configure:21096: test -s conftest
configure:21099: $? = 0
configure:21115: result: yes
configure:21045: checking for getcury
configure:21048: testing getcury ...
configure:21090: gcc -o conftest -g -O2  -D_GNU_SOURCE -L/lib64  conftest.c -lncurses -lm >&5
configure:21093: $? = 0
configure:21096: test -s conftest
configure:21099: $? = 0
configure:21115: result: yes
configure:21045: checking for getmaxx
configure:21048: testing getmaxx ...
configure:21090: gcc -o conftest -g -O2  -D_GNU_SOURCE -L/lib64  conftest.c -lncurses -lm >&5
configure:21093: $? = 0
configure:21096: test -s conftest
configure:21099: $? = 0
configure:21115: result: yes
configure:21045: checking for getmaxy
configure:21048: testing getmaxy ...
configure:21090: gcc -o conftest -g -O2  -D_GNU_SOURCE -L/lib64  conftest.c -lncurses -lm >&5
configure:21093: $? = 0
configure:21096: test -s conftest
configure:21099: $? = 0
configure:21115: result: yes
configure:21045: checking for getmaxyx
configure:21048: testing getmaxyx ...
configure:21090: gcc -o conftest -g -O2  -D_GNU_SOURCE -L/lib64  conftest.c -lncurses -lm >&5
configure:21093: $? = 0
configure:21096: test -s conftest
configure:21099: $? = 0
configure:21115: result: yes
configure:21045: checking for getparx
configure:21048: testing getparx ...
configure:21090: gcc -o conftest -g -O2  -D_GNU_SOURCE -L/lib64  conftest.c -lncurses -lm >&5
configure:21093: $? = 0
configure:21096: test -s conftest
configure:21099: $? = 0
configure:21115: result: yes
configure:21045: checking for getpary
configure:21048: testing getpary ...
configure:21090: gcc -o conftest -g -O2  -D_GNU_SOURCE -L/lib64  conftest.c -lncurses -lm >&5
configure:21093: $? = 0
configure:21096: test -s conftest
configure:21099: $? = 0
configure:21115: result: yes
configure:21045: checking for getparyx
configure:21048: testing getparyx ...
configure:21090: gcc -o conftest -g -O2  -D_GNU_SOURCE -L/lib64  conftest.c -lncurses -lm >&5
configure:21093: $? = 0
configure:21096: test -s conftest
configure:21099: $? = 0
configure:21115: result: yes
configure:21045: checking for use_default_colors
configure:21048: testing use_default_colors ...
configure:21090: gcc -o conftest -g -O2  -D_GNU_SOURCE -L/lib64  conftest.c -lncurses -lm >&5
configure:21093: $? = 0
configure:21096: test -s conftest
configure:21099: $? = 0
configure:21115: result: yes
configure:21045: checking for wchgat
configure:21048: testing wchgat ...
configure:21090: gcc -o conftest -g -O2  -D_GNU_SOURCE -L/lib64  conftest.c -lncurses -lm >&5
configure:21093: $? = 0
configure:21096: test -s conftest
configure:21099: $? = 0
configure:21115: result: yes
configure:21045: checking for wcursyncup
configure:21048: testing wcursyncup ...
configure:21090: gcc -o conftest -g -O2  -D_GNU_SOURCE -L/lib64  conftest.c -lncurses -lm >&5
configure:21093: $? = 0
configure:21096: test -s conftest
configure:21099: $? = 0
configure:21115: result: yes
configure:21045: checking for wget_wch
configure:21048: testing wget_wch ...
configure:21090: gcc -o conftest -g -O2  -D_GNU_SOURCE -L/lib64  conftest.c -lncurses -lm >&5
/tmp/ccrZ7qaI.o: In function `main':
/root/unix/ncurses/dialog-1.2-20150920/configure:21079: undefined reference to `wget_wch'
/root/unix/ncurses/dialog-1.2-20150920/configure:21080: undefined reference to `wget_wch'
/root/unix/ncurses/dialog-1.2-20150920/configure:21081: undefined reference to `wget_wch'
collect2: ld returned 1 exit status
configure:21093: $? = 1
configure: failed program was:
#line 21057 "configure"
#include "confdefs.h"

#ifdef HAVE_XCURSES
#include <xcurses.h>
char * XCursesProgramName = "test";
#else
#include <ncurses.h>
#if defined(NCURSES_VERSION) && defined(HAVE_NCURSESW_TERM_H)
#include <ncursesw/term.h>
#elif defined(NCURSES_VERSION) && defined(HAVE_NCURSES_TERM_H)
#include <ncurses/term.h>
#elif defined(HAVE_TERM_H)
#include <term.h>
#endif
#endif

int
main ()
{

#ifndef wget_wch
long foo = (long)(&wget_wch);
fprintf(stderr, "testing linkage of wget_wch:%p\n", foo);
if (foo + 1234 > 5678)
	return(foo);
#endif

  ;
  return 0;
}
configure:21115: result: no
configure:21045: checking for wsyncup
configure:21048: testing wsyncup ...
configure:21090: gcc -o conftest -g -O2  -D_GNU_SOURCE -L/lib64  conftest.c -lncurses -lm >&5
configure:21093: $? = 0
configure:21096: test -s conftest
configure:21099: $? = 0
configure:21115: result: yes
configure:21125: checking for start_color
configure:21162: gcc -o conftest -g -O2  -D_GNU_SOURCE -L/lib64  conftest.c -lncurses -lm >&5
configure:21165: $? = 0
configure:21168: test -s conftest
configure:21171: $? = 0
configure:21181: result: yes
configure:21191: checking for chtype typedef
configure:21210: gcc -c -g -O2  -D_GNU_SOURCE conftest.c >&5
configure:21213: $? = 0
configure:21216: test -s conftest.o
configure:21219: $? = 0
configure:21229: result: yes
configure:21237: checking if chtype is scalar or struct
configure:21256: gcc -c -g -O2  -D_GNU_SOURCE conftest.c >&5
configure:21259: $? = 0
configure:21262: test -s conftest.o
configure:21265: $? = 0
configure:21275: result: scalar
configure:21286: checking for wide alternate character set array
configure:21312: gcc -o conftest -g -O2  -D_GNU_SOURCE -L/lib64  conftest.c -lncurses -lm >&5
configure: In function 'main':
configure:21305: error: 'wacs_map' undeclared (first use in this function)
configure:21305: error: (Each undeclared identifier is reported only once
configure:21305: error: for each function it appears in.)
configure:21315: $? = 1
configure: failed program was:
#line 21296 "configure"
#include "confdefs.h"

#ifndef _XOPEN_SOURCE_EXTENDED
#define _XOPEN_SOURCE_EXTENDED
#endif
#include <ncurses.h>
int
main ()
{
void *foo = &(wacs_map['k'])
  ;
  return 0;
}
configure:21312: gcc -o conftest -g -O2  -D_GNU_SOURCE -L/lib64  conftest.c -lncurses -lm >&5
configure: In function 'main':
configure:21305: error: '_wacs_map' undeclared (first use in this function)
configure:21305: error: (Each undeclared identifier is reported only once
configure:21305: error: for each function it appears in.)
configure:21315: $? = 1
configure: failed program was:
#line 21296 "configure"
#include "confdefs.h"

#ifndef _XOPEN_SOURCE_EXTENDED
#define _XOPEN_SOURCE_EXTENDED
#endif
#include <ncurses.h>
int
main ()
{
void *foo = &(_wacs_map['k'])
  ;
  return 0;
}
configure:21312: gcc -o conftest -g -O2  -D_GNU_SOURCE -L/lib64  conftest.c -lncurses -lm >&5
configure: In function 'main':
configure:21305: error: '__wacs_map' undeclared (first use in this function)
configure:21305: error: (Each undeclared identifier is reported only once
configure:21305: error: for each function it appears in.)
configure:21315: $? = 1
configure: failed program was:
#line 21296 "configure"
#include "confdefs.h"

#ifndef _XOPEN_SOURCE_EXTENDED
#define _XOPEN_SOURCE_EXTENDED
#endif
#include <ncurses.h>
int
main ()
{
void *foo = &(__wacs_map['k'])
  ;
  return 0;
}
configure:21312: gcc -o conftest -g -O2  -D_GNU_SOURCE -L/lib64  conftest.c -lncurses -lm >&5
configure:21315: $? = 0
configure:21318: test -s conftest
configure:21321: $? = 0
configure:21332: result: _nc_wacs
configure:21340: checking for wide alternate character constants
configure:21367: gcc -o conftest -g -O2  -D_GNU_SOURCE -L/lib64  conftest.c -lncurses -lm >&5
/tmp/ccM4IZ49.o: In function `main':
/root/unix/ncurses/dialog-1.2-20150920/configure:21360: undefined reference to `_nc_wacs'
collect2: ld returned 1 exit status
configure:21370: $? = 1
configure: failed program was:
#line 21350 "configure"
#include "confdefs.h"

#ifndef _XOPEN_SOURCE_EXTENDED
#define _XOPEN_SOURCE_EXTENDED
#endif
#include <ncurses.h>
int
main ()
{
cchar_t *foo = WACS_PLUS;
	 _nc_wacs['k'] = *WACS_PLUS
  ;
  return 0;
}
configure:21422: result: no
configure:21435: checking for wgetparent
configure:21438: testing wgetparent ...
configure:21480: gcc -o conftest -g -O2  -D_GNU_SOURCE -L/lib64  conftest.c -lncurses -lm >&5
configure:21483: $? = 0
configure:21486: test -s conftest
configure:21489: $? = 0
configure:21505: result: yes
configure:21565: checking for sys/wait.h
configure:21575: gcc -E  -D_GNU_SOURCE conftest.c
configure:21581: $? = 0
configure:21600: result: yes
configure:21726: checking for union wait
configure:21749: gcc -o conftest -g -O2  -D_GNU_SOURCE -L/lib64  conftest.c -lncurses -lm >&5
configure:21752: $? = 0
configure:21755: test -s conftest
configure:21758: $? = 0
compiles ok w/o union wait
configure:21812: result: no
configure:21917: checking if we must include wchar.h to declare mbstate_t
configure:21941: gcc -c -g -O2  -D_GNU_SOURCE conftest.c >&5
configure: In function 'main':
configure:21934: error: 'mbstate_t' undeclared (first use in this function)
configure:21934: error: (Each undeclared identifier is reported only once
configure:21934: error: for each function it appears in.)
configure:21934: error: expected ';' before 'state'
configure:21944: $? = 1
configure: failed program was:
#line 21924 "configure"
#include "confdefs.h"

#include <stdlib.h>
#include <stdio.h>
#ifdef HAVE_LIBUTF8_H
#include <libutf8.h>
#endif
int
main ()
{
mbstate_t state
  ;
  return 0;
}
configure:21975: gcc -c -g -O2  -D_GNU_SOURCE conftest.c >&5
configure:21978: $? = 0
configure:21981: test -s conftest.o
configure:21984: $? = 0
configure:21996: result: yes
configure:22033: gcc -o conftest -g -O2  -D_GNU_SOURCE -L/lib64  conftest.c -lncurses -lm >&5
configure:22036: $? = 0
configure:22039: test -s conftest
configure:22042: $? = 0
configure:22055: checking if rpath-hack should be disabled
configure:22072: result: no
configure:22076: checking for updated LDFLAGS
configure:22079: result: maybe
configure:22086: checking for ldd
configure:22101: found /usr/bin/ldd
configure:22109: result: ldd
configure:22138: gcc -o conftest -g -O2  -D_GNU_SOURCE -L/lib64  conftest.c -lncurses -lm >&5
configure:22141: $? = 0
configure:22144: test -s conftest
configure:22147: $? = 0
configure:22187: testing ...checking EXTRA_LDFLAGS  ...
configure:22191: testing ...checking LDFLAGS -L/lib64  ...
configure:22241: testing ...checked LDFLAGS  -L/lib64 ...
configure:22245: testing ...checking LIBS -lncurses -lm ...
configure:22295: testing ...checked LIBS  -lncurses -lm ...
configure:22299: testing ...checked EXTRA_LDFLAGS  ...
configure:22416: creating ./config.status

## ----------------------- ##
## Running config.status.  ##
## ----------------------- ##

This file was extended by config.status 2.52.20141204, executed with
  CONFIG_FILES    = 
  CONFIG_HEADERS  = 
  CONFIG_LINKS    = 
  CONFIG_COMMANDS = 
  > ./config.status 
on python

config.status:23014: creating dialog-config
config.status:23014: creating makefile
config.status:23014: creating headers-sh
config.status:23167: creating dlg_config.h

## ----------------- ##
## Cache variables.  ##
## ----------------- ##

ac_cv_build=x86_64-unknown-linux-gnu
ac_cv_build_alias=x86_64-unknown-linux-gnu
ac_cv_c_compiler_gnu=yes
ac_cv_c_inline=inline
ac_cv_env_CC_set=
ac_cv_env_CC_value=
ac_cv_env_CFLAGS_set=
ac_cv_env_CFLAGS_value=
ac_cv_env_CPPFLAGS_set=
ac_cv_env_CPPFLAGS_value=
ac_cv_env_CPP_set=
ac_cv_env_CPP_value=
ac_cv_env_LDFLAGS_set=
ac_cv_env_LDFLAGS_value=
ac_cv_env_build_alias_set=
ac_cv_env_build_alias_value=
ac_cv_env_host_alias_set=
ac_cv_env_host_alias_value=
ac_cv_env_target_alias_set=
ac_cv_env_target_alias_value=
ac_cv_func___argz_count=yes
ac_cv_func___argz_next=yes
ac_cv_func___argz_stringify=yes
ac_cv_func__nc_free_and_exit=yes
ac_cv_func_alloca_works=yes
ac_cv_func_btowc=yes
ac_cv_func_feof_unlocked=yes
ac_cv_func_fgets_unlocked=yes
ac_cv_func_fseeko=yes
ac_cv_func_getcwd=yes
ac_cv_func_getegid=yes
ac_cv_func_geteuid=yes
ac_cv_func_getgid=yes
ac_cv_func_getpagesize=yes
ac_cv_func_getuid=yes
ac_cv_func_mblen=yes
ac_cv_func_mbrlen=yes
ac_cv_func_mbrtowc=yes
ac_cv_func_mbtowc=yes
ac_cv_func_mempcpy=yes
ac_cv_func_mmap_fixed_mapped=yes
ac_cv_func_munmap=yes
ac_cv_func_putenv=yes
ac_cv_func_setenv=yes
ac_cv_func_setlocale=yes
ac_cv_func_start_color=yes
ac_cv_func_stpcpy=yes
ac_cv_func_strcasecmp=yes
ac_cv_func_strchr=yes
ac_cv_func_strdup=yes
ac_cv_func_strftime=yes
ac_cv_func_strtoul=yes
ac_cv_func_tgoto=no
ac_cv_func_tsearch=yes
ac_cv_func_waitpid=yes
ac_cv_func_wcsrtombs=yes
ac_cv_func_wcstombs=yes
ac_cv_func_wctob=yes
ac_cv_func_wctomb=yes
ac_cv_gnu_library_2_1=yes
ac_cv_header_argz_h=yes
ac_cv_header_dirent_dirent_h=yes
ac_cv_header_inttypes_h=yes
ac_cv_header_limits_h=yes
ac_cv_header_locale_h=yes
ac_cv_header_malloc_h=yes
ac_cv_header_memory_h=yes
ac_cv_header_ncurses_h=yes
ac_cv_header_nl_types_h=yes
ac_cv_header_search_h=yes
ac_cv_header_stdc=yes
ac_cv_header_stddef_h=yes
ac_cv_header_stdint_h=yes
ac_cv_header_stdlib_h=yes
ac_cv_header_string_h=yes
ac_cv_header_strings_h=yes
ac_cv_header_sys_param_h=yes
ac_cv_header_sys_stat_h=yes
ac_cv_header_sys_types_h=yes
ac_cv_header_sys_wait_h=yes
ac_cv_header_time=yes
ac_cv_header_unistd_h=yes
ac_cv_host=x86_64-unknown-linux-gnu
ac_cv_host_alias=x86_64-unknown-linux-gnu
ac_cv_lib_dir_opendir=no
ac_cv_lib_ncurses___initscr=yes
ac_cv_lib_ncurses___tgoto=yes
ac_cv_objext=o
ac_cv_path_GROFF_PATH=/usr/bin/groff
ac_cv_path_NROFF_PATH=/usr/bin/nroff
ac_cv_path_ac_pt_PKG_CONFIG=/usr/bin/pkg-config
ac_cv_path_install='/usr/bin/install -c'
ac_cv_prog_CPP='gcc -E'
ac_cv_prog_CTAGS=ctags
ac_cv_prog_ETAGS=etags
ac_cv_prog_MAKE_LOWER_TAGS=yes
ac_cv_prog_MAKE_UPPER_TAGS=yes
ac_cv_prog_ac_ct_AR=ar
ac_cv_prog_ac_ct_CC=gcc
ac_cv_prog_ac_ct_RANLIB=ranlib
ac_cv_prog_cc_g=yes
ac_cv_prog_cc_stdc=
ac_cv_prog_cf_ldd_prog=ldd
ac_cv_prog_make_make_set=yes
ac_cv_sys_file_offset_bits=no
ac_cv_sys_large_files=no
ac_cv_sys_largefile_CC=no
ac_cv_sys_largefile_source=no
ac_cv_type_off_t=yes
ac_cv_type_signal=void
ac_cv_type_size_t=yes
ac_cv_working_alloca_h=yes
am_cv_func_iconv=yes
am_cv_langinfo_codeset=yes
am_cv_proto_iconv_arg1=
am_cv_proto_iconv_const=no
am_cv_val_LC_MESSAGES=yes
cf_cv_abi_version=0
cf_cv_chtype_decl=yes
cf_cv_chtype_type=scalar
cf_cv_curses_dir=no
cf_cv_curses_incdir=no
cf_cv_curses_wacs_map=_nc_wacs
cf_cv_curses_wacs_symbols=no
cf_cv_enable_rpath=no
cf_cv_find_linkage_iconv=yes
cf_cv_func_flushinp=yes
cf_cv_func_getattrs=yes
cf_cv_func_getbegx=yes
cf_cv_func_getbegy=yes
cf_cv_func_getbegyx=yes
cf_cv_func_getcurx=yes
cf_cv_func_getcury=yes
cf_cv_func_getmaxx=yes
cf_cv_func_getmaxy=yes
cf_cv_func_getmaxyx=yes
cf_cv_func_getparx=yes
cf_cv_func_getpary=yes
cf_cv_func_getparyx=yes
cf_cv_func_use_default_colors=yes
cf_cv_func_wchgat=yes
cf_cv_func_wcursyncup=yes
cf_cv_func_wget_wch=no
cf_cv_func_wgetparent=yes
cf_cv_func_wsyncup=yes
cf_cv_gnu_source=yes
cf_cv_header_path_iconv=/usr/include
cf_cv_library_path_iconv=/usr/lib
cf_cv_makeflags=
cf_cv_mbstate_t=yes
cf_cv_mixedcase=yes
cf_cv_ncurses_header=ncurses.h
cf_cv_ncurses_version=5.7.20090207
cf_cv_need_libm=yes
cf_cv_need_xopen_extension=no
cf_cv_rel_version=1.2
cf_cv_screen=curses
cf_cv_struct_dirent64=no
cf_cv_system_name=linux-gnu
cf_cv_term_header=term.h
cf_cv_type_unionwait=no
cf_cv_unctrl_header=unctrl.h
cf_cv_widec_curses=no
nls_cv_header_intl=
nls_cv_header_libgt=

## ------------ ##
## confdefs.h.  ##
## ------------ ##

#define MIXEDCASE_FILENAMES 1
#define SYSTEM_NAME "linux-gnu"
#define HAVE_FSEEKO 1
#define PACKAGE "dialog"
#define DIALOG_VERSION "1.2"
#define DIALOG_PATCHDATE 20150920
#define STDC_HEADERS 1
#define HAVE_SYS_TYPES_H 1
#define HAVE_SYS_STAT_H 1
#define HAVE_STDLIB_H 1
#define HAVE_STRING_H 1
#define HAVE_MEMORY_H 1
#define HAVE_STRINGS_H 1
#define HAVE_INTTYPES_H 1
#define HAVE_STDINT_H 1
#define HAVE_UNISTD_H 1
#define HAVE_ALLOCA_H 1
#define HAVE_ALLOCA 1
#define HAVE_STDLIB_H 1
#define HAVE_UNISTD_H 1
#define HAVE_GETPAGESIZE 1
#define HAVE_MMAP 1
#define HAVE_ARGZ_H 1
#define HAVE_LIMITS_H 1
#define HAVE_LOCALE_H 1
#define HAVE_NL_TYPES_H 1
#define HAVE_MALLOC_H 1
#define HAVE_STDDEF_H 1
#define HAVE_STDLIB_H 1
#define HAVE_STRING_H 1
#define HAVE_UNISTD_H 1
#define HAVE_SYS_PARAM_H 1
#define HAVE_FEOF_UNLOCKED 1
#define HAVE_FGETS_UNLOCKED 1
#define HAVE_GETCWD 1
#define HAVE_GETEGID 1
#define HAVE_GETEUID 1
#define HAVE_GETGID 1
#define HAVE_GETUID 1
#define HAVE_MEMPCPY 1
#define HAVE_MUNMAP 1
#define HAVE_PUTENV 1
#define HAVE_SETENV 1
#define HAVE_SETLOCALE 1
#define HAVE_STPCPY 1
#define HAVE_STRCHR 1
#define HAVE_STRCASECMP 1
#define HAVE_STRDUP 1
#define HAVE_STRTOUL 1
#define HAVE_TSEARCH 1
#define HAVE___ARGZ_COUNT 1
#define HAVE___ARGZ_STRINGIFY 1
#define HAVE___ARGZ_NEXT 1
#define HAVE_ICONV 1
#define ICONV_CONST 
#define HAVE_LANGINFO_CODESET 1
#define HAVE_LC_MESSAGES 1
#define HAVE_DLG_TRACE 1
#define HAVE_NCURSES_H 1
#define HAVE_TERM_H 1
#define NCURSES 1
#define HAVE_RC_FILE 1
#define HAVE_XDIALOG 1
#define HAVE_XDIALOG2 1
#define HAVE_WHIPTAIL 1
#define HAVE_DLG_FORMBOX 1
#define HAVE_DLG_GAUGE 1
#define HAVE_DLG_TAILBOX 1
#define HAVE_DLG_MIXEDFORM 1
#define HAVE_MIXEDGAUGE 1
#define STDC_HEADERS 1
#define TIME_WITH_SYS_TIME 1
#define HAVE_DIRENT_H 1
#define HAVE_SEARCH_H 1
#define HAVE_UNISTD_H 1
#define HAVE_TERM_H 1
#define RETSIGTYPE void
#define HAVE__NC_FREE_AND_EXIT 1
#define HAVE_BTOWC 1
#define HAVE_MBLEN 1
#define HAVE_MBRLEN 1
#define HAVE_MBRTOWC 1
#define HAVE_MBTOWC 1
#define HAVE_STRCASECMP 1
#define HAVE_STRFTIME 1
#define HAVE_TSEARCH 1
#define HAVE_WAITPID 1
#define HAVE_WCSRTOMBS 1
#define HAVE_WCSTOMBS 1
#define HAVE_WCTOB 1
#define HAVE_WCTOMB 1
#define HAVE_UNCTRL_H 1
#define HAVE_FLUSHINP 1
#define HAVE_GETATTRS 1
#define HAVE_GETBEGX 1
#define HAVE_GETBEGY 1
#define HAVE_GETBEGYX 1
#define HAVE_GETCURX 1
#define HAVE_GETCURY 1
#define HAVE_GETMAXX 1
#define HAVE_GETMAXY 1
#define HAVE_GETMAXYX 1
#define HAVE_GETPARX 1
#define HAVE_GETPARY 1
#define HAVE_GETPARYX 1
#define HAVE_USE_DEFAULT_COLORS 1
#define HAVE_WCHGAT 1
#define HAVE_WCURSYNCUP 1
#define HAVE_WSYNCUP 1
#define HAVE_COLOR 1
#define HAVE_TYPE_CHTYPE 1
#define TYPE_CHTYPE_IS_SCALAR 1
#define CURSES_WACS_ARRAY _nc_wacs
#define HAVE_WGETPARENT 1
#define HAVE_SYS_WAIT_H 1
#define NEED_WCHAR_H 1
#define HAVE_MBSTATE_T 1
#define HAVE_SETLOCALE 1


configure: exit 0
